[2023-11-01 15:40:14] This is codeql database create /home/ravindu/tests/codeql/JS_QL_DB --source-root=/home/ravindu/tests/codeql/nutshell --language=javascript --overwrite
[2023-11-01 15:40:14] Log file was started late.
[2023-11-01 15:40:14] [PROGRESS] database create> Initializing database at /home/ravindu/tests/codeql/JS_QL_DB.
[2023-11-01 15:40:14] Running plumbing command: codeql database init --overwrite --language=javascript --extractor-options-verbosity=1 --qlconfig-file=/home/ravindu/tests/codeql/qlconfig.yml --source-root=/home/ravindu/tests/codeql/nutshell --allow-missing-source-root=false --allow-already-existing -- /home/ravindu/tests/codeql/JS_QL_DB
[2023-11-01 15:40:14] Calling plumbing command: codeql resolve languages --extractor-options-verbosity=1 --format=betterjson
[2023-11-01 15:40:15] [DETAILS] resolve languages> Scanning for [codeql-extractor.yml] from /home/ravindu/codeql/.codeqlmanifest.json
[2023-11-01 15:40:15] [DETAILS] resolve languages> Parsing /home/ravindu/codeql/python/codeql-extractor.yml.
[2023-11-01 15:40:15] [DETAILS] resolve languages> Parsing /home/ravindu/codeql/swift/codeql-extractor.yml.
[2023-11-01 15:40:15] [DETAILS] resolve languages> Parsing /home/ravindu/codeql/yaml/codeql-extractor.yml.
[2023-11-01 15:40:15] [DETAILS] resolve languages> Parsing /home/ravindu/codeql/html/codeql-extractor.yml.
[2023-11-01 15:40:15] [DETAILS] resolve languages> Parsing /home/ravindu/codeql/properties/codeql-extractor.yml.
[2023-11-01 15:40:15] [DETAILS] resolve languages> Parsing /home/ravindu/codeql/javascript/codeql-extractor.yml.
[2023-11-01 15:40:15] [DETAILS] resolve languages> Parsing /home/ravindu/codeql/csv/codeql-extractor.yml.
[2023-11-01 15:40:15] [DETAILS] resolve languages> Parsing /home/ravindu/codeql/ruby/codeql-extractor.yml.
[2023-11-01 15:40:15] [DETAILS] resolve languages> Parsing /home/ravindu/codeql/java/codeql-extractor.yml.
[2023-11-01 15:40:15] [DETAILS] resolve languages> Parsing /home/ravindu/codeql/csharp/codeql-extractor.yml.
[2023-11-01 15:40:15] [DETAILS] resolve languages> Parsing /home/ravindu/codeql/go/codeql-extractor.yml.
[2023-11-01 15:40:15] [DETAILS] resolve languages> Parsing /home/ravindu/codeql/cpp/codeql-extractor.yml.
[2023-11-01 15:40:15] [DETAILS] resolve languages> Parsing /home/ravindu/codeql/xml/codeql-extractor.yml.
[2023-11-01 15:40:15] Plumbing command codeql resolve languages completed:
                      {
                        "aliases" : {
                          "c" : "cpp",
                          "c++" : "cpp",
                          "c-c++" : "cpp",
                          "c-cpp" : "cpp",
                          "c#" : "csharp",
                          "java-kotlin" : "java",
                          "kotlin" : "java",
                          "javascript-typescript" : "javascript",
                          "typescript" : "javascript"
                        },
                        "extractors" : {
                          "python" : [
                            {
                              "extractor_root" : "/home/ravindu/codeql/python"
                            }
                          ],
                          "swift" : [
                            {
                              "extractor_root" : "/home/ravindu/codeql/swift"
                            }
                          ],
                          "yaml" : [
                            {
                              "extractor_root" : "/home/ravindu/codeql/yaml"
                            }
                          ],
                          "html" : [
                            {
                              "extractor_root" : "/home/ravindu/codeql/html"
                            }
                          ],
                          "properties" : [
                            {
                              "extractor_root" : "/home/ravindu/codeql/properties"
                            }
                          ],
                          "javascript" : [
                            {
                              "extractor_root" : "/home/ravindu/codeql/javascript",
                              "extractor_options" : { }
                            }
                          ],
                          "csv" : [
                            {
                              "extractor_root" : "/home/ravindu/codeql/csv"
                            }
                          ],
                          "ruby" : [
                            {
                              "extractor_root" : "/home/ravindu/codeql/ruby",
                              "extractor_options" : {
                                "trap" : {
                                  "title" : "Options pertaining to TRAP.",
                                  "description" : "Options pertaining to TRAP.",
                                  "type" : "object",
                                  "properties" : {
                                    "compression" : {
                                      "title" : "Controls compression for the TRAP files written by the extractor.",
                                      "description" : "This option is only intended for use in debugging the extractor. Accepted values are 'gzip' (the default, to write gzip-compressed TRAP) and 'none' (to write uncompressed TRAP).\n",
                                      "type" : "string",
                                      "pattern" : "^(none|gzip)$"
                                    }
                                  }
                                }
                              }
                            }
                          ],
                          "java" : [
                            {
                              "extractor_root" : "/home/ravindu/codeql/java",
                              "extractor_options" : {
                                "exclude" : {
                                  "title" : "A glob excluding files from analysis.",
                                  "description" : "A glob indicating what files to exclude from the analysis.\n",
                                  "type" : "string"
                                },
                                "add_prefer_source" : {
                                  "title" : "Whether to always prefer source files over class files.",
                                  "description" : "A value indicating whether source files should be preferred over class files. If set to 'true', the extraction adds '-Xprefer:source' to the javac command line. If set to 'false', the extraction uses the default javac behavior ('-Xprefer:newer'). The default is 'true'.\n",
                                  "type" : "string",
                                  "pattern" : "^(false|true)$"
                                },
                                "buildless" : {
                                  "title" : "Whether to use buildless (standalone) extraction (experimental).",
                                  "description" : "A value indicating, which type of extraction the autobuilder should perform. If 'true', then the standalone extractor will be used, otherwise tracing extraction will be performed. The default is 'false'. Note that buildless extraction will generally yield less accurate analysis results, and should only be used in cases where it is not possible to build the code (for example if it uses inaccessible dependencies).\n",
                                  "type" : "string",
                                  "pattern" : "^(false|true)$"
                                }
                              }
                            }
                          ],
                          "csharp" : [
                            {
                              "extractor_root" : "/home/ravindu/codeql/csharp",
                              "extractor_options" : {
                                "trap" : {
                                  "title" : "Options pertaining to TRAP.",
                                  "description" : "Options pertaining to TRAP.",
                                  "type" : "object",
                                  "properties" : {
                                    "compression" : {
                                      "title" : "Controls compression for the TRAP files written by the extractor.",
                                      "description" : "This option is only intended for use in debugging the extractor. Accepted values are 'brotli' (the default, to write brotli-compressed TRAP), 'gzip', and 'none' (to write uncompressed TRAP).\n",
                                      "type" : "string",
                                      "pattern" : "^(none|gzip|brotli)$"
                                    }
                                  }
                                },
                                "buildless" : {
                                  "title" : "Whether to use buildless (standalone) extraction.",
                                  "description" : "A value indicating, which type of extraction the autobuilder should perform. If 'true', then the standalone extractor will be used, otherwise tracing extraction will be performed. The default is 'false'. Note that buildless extraction will generally yield less accurate analysis results, and should only be used in cases where it is not possible to build the code (for example if it uses inaccessible dependencies).\n",
                                  "type" : "string",
                                  "pattern" : "^(false|true)$"
                                },
                                "cil" : {
                                  "title" : "Whether to enable CIL extraction.",
                                  "description" : "A value indicating, whether CIL extraction should be enabled. The default is 'true'.\n",
                                  "type" : "string",
                                  "pattern" : "^(false|true)$"
                                }
                              }
                            }
                          ],
                          "go" : [
                            {
                              "extractor_root" : "/home/ravindu/codeql/go"
                            }
                          ],
                          "cpp" : [
                            {
                              "extractor_root" : "/home/ravindu/codeql/cpp"
                            }
                          ],
                          "xml" : [
                            {
                              "extractor_root" : "/home/ravindu/codeql/xml"
                            }
                          ]
                        }
                      }
[2023-11-01 15:40:15] [PROGRESS] database init> Calculating baseline information in /home/ravindu/tests/codeql/nutshell
[2023-11-01 15:40:15] [SPAMMY] database init> Ignoring the following directories when processing baseline information: .git, .hg, .svn.
[2023-11-01 15:40:15] [DETAILS] database init> Running command in /home/ravindu/tests/codeql/nutshell: /home/ravindu/codeql/tools/linux64/scc --by-file --exclude-dir .git,.hg,.svn --format json --no-large --no-min .
[2023-11-01 15:40:15] Using configure-baseline script /home/ravindu/codeql/javascript/tools/configure-baseline.sh.
[2023-11-01 15:40:15] [PROGRESS] database init> Running command in /home/ravindu/tests/codeql/nutshell: [/home/ravindu/codeql/javascript/tools/configure-baseline.sh]
[2023-11-01 15:40:15] [SPAMMY] database init> Found 1 baseline files for javascript.
[2023-11-01 15:40:15] [PROGRESS] database init> Calculated baseline information for languages: javascript (61ms).
[2023-11-01 15:40:15] [PROGRESS] database init> Resolving extractor javascript.
[2023-11-01 15:40:15] [DETAILS] database init> Found candidate extractor root for javascript: /home/ravindu/codeql/javascript.
[2023-11-01 15:40:15] [PROGRESS] database init> Successfully loaded extractor JavaScript/TypeScript (javascript) from /home/ravindu/codeql/javascript.
[2023-11-01 15:40:15] [PROGRESS] database init> Created skeleton CodeQL database at /home/ravindu/tests/codeql/JS_QL_DB. This in-progress database is ready to be populated by an extractor.
[2023-11-01 15:40:15] Plumbing command codeql database init completed.
[2023-11-01 15:40:15] [PROGRESS] database create> Running build command: []
[2023-11-01 15:40:15] Running plumbing command: codeql database trace-command --working-dir=/home/ravindu/tests/codeql/nutshell --index-traceless-dbs --no-db-cluster -- /home/ravindu/tests/codeql/JS_QL_DB
[2023-11-01 15:40:15] Using autobuild script /home/ravindu/codeql/javascript/tools/autobuild.sh.
[2023-11-01 15:40:15] [PROGRESS] database trace-command> Running command in /home/ravindu/tests/codeql/nutshell: [/home/ravindu/codeql/javascript/tools/autobuild.sh]
[2023-11-01 15:40:15] [build-stdout] Single-threaded extraction.
[2023-11-01 15:40:15] [build-stdout] Extracting /home/ravindu/tests/codeql/nutshell/nutshell.js
[2023-11-01 15:40:17] [build-stdout] Done extracting /home/ravindu/tests/codeql/nutshell/nutshell.js (1579 ms)
[2023-11-01 15:40:17] [build-stderr] No externs trap cache found
[2023-11-01 15:40:17] [build-stdout] Extracting /home/ravindu/codeql/javascript/tools/data/externs/lib/vows.js
[2023-11-01 15:40:17] [build-stdout] Done extracting /home/ravindu/codeql/javascript/tools/data/externs/lib/vows.js (44 ms)
[2023-11-01 15:40:17] [build-stdout] Extracting /home/ravindu/codeql/javascript/tools/data/externs/lib/should.js
[2023-11-01 15:40:17] [build-stdout] Done extracting /home/ravindu/codeql/javascript/tools/data/externs/lib/should.js (26 ms)
[2023-11-01 15:40:17] [build-stdout] Extracting /home/ravindu/codeql/javascript/tools/data/externs/lib/jquery-3.2.js
[2023-11-01 15:40:17] [build-stdout] Done extracting /home/ravindu/codeql/javascript/tools/data/externs/lib/jquery-3.2.js (242 ms)
[2023-11-01 15:40:17] [build-stdout] Extracting /home/ravindu/codeql/javascript/tools/data/externs/lib/bdd.js
[2023-11-01 15:40:17] [build-stdout] Done extracting /home/ravindu/codeql/javascript/tools/data/externs/lib/bdd.js (9 ms)
[2023-11-01 15:40:17] [build-stdout] Extracting /home/ravindu/codeql/javascript/tools/data/externs/vm/rhino.js
[2023-11-01 15:40:17] [build-stdout] Done extracting /home/ravindu/codeql/javascript/tools/data/externs/vm/rhino.js (6 ms)
[2023-11-01 15:40:17] [build-stdout] Extracting /home/ravindu/codeql/javascript/tools/data/externs/vm/spidermonkey.js
[2023-11-01 15:40:17] [build-stdout] Done extracting /home/ravindu/codeql/javascript/tools/data/externs/vm/spidermonkey.js (3 ms)
[2023-11-01 15:40:17] [build-stdout] Extracting /home/ravindu/codeql/javascript/tools/data/externs/vm/jsshell.js
[2023-11-01 15:40:17] [build-stdout] Done extracting /home/ravindu/codeql/javascript/tools/data/externs/vm/jsshell.js (44 ms)
[2023-11-01 15:40:17] [build-stdout] Extracting /home/ravindu/codeql/javascript/tools/data/externs/vm/v8.js
[2023-11-01 15:40:17] [build-stdout] Done extracting /home/ravindu/codeql/javascript/tools/data/externs/vm/v8.js (7 ms)
[2023-11-01 15:40:17] [build-stdout] Extracting /home/ravindu/codeql/javascript/tools/data/externs/web/w3c_batterystatus.js
[2023-11-01 15:40:17] [build-stdout] Done extracting /home/ravindu/codeql/javascript/tools/data/externs/web/w3c_batterystatus.js (3 ms)
[2023-11-01 15:40:17] [build-stdout] Extracting /home/ravindu/codeql/javascript/tools/data/externs/web/whatwg_encoding.js
[2023-11-01 15:40:17] [build-stdout] Done extracting /home/ravindu/codeql/javascript/tools/data/externs/web/whatwg_encoding.js (4 ms)
[2023-11-01 15:40:17] [build-stdout] Extracting /home/ravindu/codeql/javascript/tools/data/externs/web/gecko_ext.js
[2023-11-01 15:40:17] [build-stdout] Done extracting /home/ravindu/codeql/javascript/tools/data/externs/web/gecko_ext.js (1 ms)
[2023-11-01 15:40:17] [build-stdout] Extracting /home/ravindu/codeql/javascript/tools/data/externs/web/mediasource.js
[2023-11-01 15:40:17] [build-stdout] Done extracting /home/ravindu/codeql/javascript/tools/data/externs/web/mediasource.js (11 ms)
[2023-11-01 15:40:17] [build-stdout] Extracting /home/ravindu/codeql/javascript/tools/data/externs/web/webkit_notifications.js
[2023-11-01 15:40:17] [build-stdout] Done extracting /home/ravindu/codeql/javascript/tools/data/externs/web/webkit_notifications.js (14 ms)
[2023-11-01 15:40:17] [build-stdout] Extracting /home/ravindu/codeql/javascript/tools/data/externs/web/ie_event.js
[2023-11-01 15:40:17] [build-stdout] Done extracting /home/ravindu/codeql/javascript/tools/data/externs/web/ie_event.js (17 ms)
[2023-11-01 15:40:17] [build-stdout] Extracting /home/ravindu/codeql/javascript/tools/data/externs/web/w3c_selectors.js
[2023-11-01 15:40:18] [build-stdout] Done extracting /home/ravindu/codeql/javascript/tools/data/externs/web/w3c_selectors.js (7 ms)
[2023-11-01 15:40:18] [build-stdout] Extracting /home/ravindu/codeql/javascript/tools/data/externs/web/w3c_permissions.js
[2023-11-01 15:40:18] [build-stdout] Done extracting /home/ravindu/codeql/javascript/tools/data/externs/web/w3c_permissions.js (6 ms)
[2023-11-01 15:40:18] [build-stdout] Extracting /home/ravindu/codeql/javascript/tools/data/externs/web/gecko_xml.js
[2023-11-01 15:40:18] [build-stdout] Done extracting /home/ravindu/codeql/javascript/tools/data/externs/web/gecko_xml.js (3 ms)
[2023-11-01 15:40:18] [build-stdout] Extracting /home/ravindu/codeql/javascript/tools/data/externs/web/ie_vml.js
[2023-11-01 15:40:18] [build-stdout] Done extracting /home/ravindu/codeql/javascript/tools/data/externs/web/ie_vml.js (3 ms)
[2023-11-01 15:40:18] [build-stdout] Extracting /home/ravindu/codeql/javascript/tools/data/externs/web/w3c_event.js
[2023-11-01 15:40:18] [build-stdout] Done extracting /home/ravindu/codeql/javascript/tools/data/externs/web/w3c_event.js (33 ms)
[2023-11-01 15:40:18] [build-stdout] Extracting /home/ravindu/codeql/javascript/tools/data/externs/web/w3c_css.js
[2023-11-01 15:40:18] [build-stdout] Done extracting /home/ravindu/codeql/javascript/tools/data/externs/web/w3c_css.js (124 ms)
[2023-11-01 15:40:18] [build-stdout] Extracting /home/ravindu/codeql/javascript/tools/data/externs/web/url.js
[2023-11-01 15:40:18] [build-stdout] Done extracting /home/ravindu/codeql/javascript/tools/data/externs/web/url.js (9 ms)
[2023-11-01 15:40:18] [build-stdout] Extracting /home/ravindu/codeql/javascript/tools/data/externs/web/chrome.js
[2023-11-01 15:40:18] [build-stdout] Done extracting /home/ravindu/codeql/javascript/tools/data/externs/web/chrome.js (33 ms)
[2023-11-01 15:40:18] [build-stdout] Extracting /home/ravindu/codeql/javascript/tools/data/externs/web/intl.js
[2023-11-01 15:40:18] [build-stdout] Done extracting /home/ravindu/codeql/javascript/tools/data/externs/web/intl.js (13 ms)
[2023-11-01 15:40:18] [build-stdout] Extracting /home/ravindu/codeql/javascript/tools/data/externs/web/w3c_rtc.js
[2023-11-01 15:40:18] [build-stdout] Done extracting /home/ravindu/codeql/javascript/tools/data/externs/web/w3c_rtc.js (129 ms)
[2023-11-01 15:40:18] [build-stdout] Extracting /home/ravindu/codeql/javascript/tools/data/externs/web/w3c_geolocation.js
[2023-11-01 15:40:18] [build-stdout] Done extracting /home/ravindu/codeql/javascript/tools/data/externs/web/w3c_geolocation.js (8 ms)
[2023-11-01 15:40:18] [build-stdout] Extracting /home/ravindu/codeql/javascript/tools/data/externs/web/page_visibility.js
[2023-11-01 15:40:18] [build-stdout] Done extracting /home/ravindu/codeql/javascript/tools/data/externs/web/page_visibility.js (1 ms)
[2023-11-01 15:40:18] [build-stdout] Extracting /home/ravindu/codeql/javascript/tools/data/externs/web/w3c_range.js
[2023-11-01 15:40:18] [build-stdout] Done extracting /home/ravindu/codeql/javascript/tools/data/externs/web/w3c_range.js (13 ms)
[2023-11-01 15:40:18] [build-stdout] Extracting /home/ravindu/codeql/javascript/tools/data/externs/web/w3c_serviceworker.js
[2023-11-01 15:40:18] [build-stdout] Done extracting /home/ravindu/codeql/javascript/tools/data/externs/web/w3c_serviceworker.js (35 ms)
[2023-11-01 15:40:18] [build-stdout] Extracting /home/ravindu/codeql/javascript/tools/data/externs/web/w3c_gamepad.js
[2023-11-01 15:40:18] [build-stdout] Done extracting /home/ravindu/codeql/javascript/tools/data/externs/web/w3c_gamepad.js (4 ms)
[2023-11-01 15:40:18] [build-stdout] Extracting /home/ravindu/codeql/javascript/tools/data/externs/web/w3c_xml.js
[2023-11-01 15:40:18] [build-stdout] Done extracting /home/ravindu/codeql/javascript/tools/data/externs/web/w3c_xml.js (21 ms)
[2023-11-01 15:40:18] [build-stdout] Extracting /home/ravindu/codeql/javascript/tools/data/externs/web/webstorage.js
[2023-11-01 15:40:18] [build-stdout] Done extracting /home/ravindu/codeql/javascript/tools/data/externs/web/webstorage.js (10 ms)
[2023-11-01 15:40:18] [build-stdout] Extracting /home/ravindu/codeql/javascript/tools/data/externs/web/html5.js
[2023-11-01 15:40:18] [build-stdout] Done extracting /home/ravindu/codeql/javascript/tools/data/externs/web/html5.js (245 ms)
[2023-11-01 15:40:18] [build-stdout] Extracting /home/ravindu/codeql/javascript/tools/data/externs/web/w3c_dom3.js
[2023-11-01 15:40:18] [build-stdout] Done extracting /home/ravindu/codeql/javascript/tools/data/externs/web/w3c_dom3.js (43 ms)
[2023-11-01 15:40:18] [build-stdout] Extracting /home/ravindu/codeql/javascript/tools/data/externs/web/w3c_touch_event.js
[2023-11-01 15:40:18] [build-stdout] Done extracting /home/ravindu/codeql/javascript/tools/data/externs/web/w3c_touch_event.js (12 ms)
[2023-11-01 15:40:18] [build-stdout] Extracting /home/ravindu/codeql/javascript/tools/data/externs/web/w3c_requestidlecallback.js
[2023-11-01 15:40:18] [build-stdout] Done extracting /home/ravindu/codeql/javascript/tools/data/externs/web/w3c_requestidlecallback.js (12 ms)
[2023-11-01 15:40:18] [build-stdout] Extracting /home/ravindu/codeql/javascript/tools/data/externs/web/w3c_midi.js
[2023-11-01 15:40:18] [build-stdout] Done extracting /home/ravindu/codeql/javascript/tools/data/externs/web/w3c_midi.js (19 ms)
[2023-11-01 15:40:18] [build-stdout] Extracting /home/ravindu/codeql/javascript/tools/data/externs/web/w3c_pointer_events.js
[2023-11-01 15:40:18] [build-stdout] Done extracting /home/ravindu/codeql/javascript/tools/data/externs/web/w3c_pointer_events.js (6 ms)
[2023-11-01 15:40:18] [build-stdout] Extracting /home/ravindu/codeql/javascript/tools/data/externs/web/ie_dom.js
[2023-11-01 15:40:18] [build-stdout] Done extracting /home/ravindu/codeql/javascript/tools/data/externs/web/ie_dom.js (71 ms)
[2023-11-01 15:40:18] [build-stdout] Extracting /home/ravindu/codeql/javascript/tools/data/externs/web/w3c_screen_orientation.js
[2023-11-01 15:40:18] [build-stdout] Done extracting /home/ravindu/codeql/javascript/tools/data/externs/web/w3c_screen_orientation.js (4 ms)
[2023-11-01 15:40:18] [build-stdout] Extracting /home/ravindu/codeql/javascript/tools/data/externs/web/webkit_usercontent.js
[2023-11-01 15:40:18] [build-stdout] Done extracting /home/ravindu/codeql/javascript/tools/data/externs/web/webkit_usercontent.js (3 ms)
[2023-11-01 15:40:18] [build-stdout] Extracting /home/ravindu/codeql/javascript/tools/data/externs/web/gecko_dom.js
[2023-11-01 15:40:18] [build-stdout] Done extracting /home/ravindu/codeql/javascript/tools/data/externs/web/gecko_dom.js (51 ms)
[2023-11-01 15:40:18] [build-stdout] Extracting /home/ravindu/codeql/javascript/tools/data/externs/web/w3c_elementtraversal.js
[2023-11-01 15:40:18] [build-stdout] Done extracting /home/ravindu/codeql/javascript/tools/data/externs/web/w3c_elementtraversal.js (5 ms)
[2023-11-01 15:40:18] [build-stdout] Extracting /home/ravindu/codeql/javascript/tools/data/externs/web/w3c_anim_timing.js
[2023-11-01 15:40:18] [build-stdout] Done extracting /home/ravindu/codeql/javascript/tools/data/externs/web/w3c_anim_timing.js (6 ms)
[2023-11-01 15:40:18] [build-stdout] Extracting /home/ravindu/codeql/javascript/tools/data/externs/web/w3c_dom4.js
[2023-11-01 15:40:18] [build-stdout] Done extracting /home/ravindu/codeql/javascript/tools/data/externs/web/w3c_dom4.js (2 ms)
[2023-11-01 15:40:18] [build-stdout] Extracting /home/ravindu/codeql/javascript/tools/data/externs/web/webkit_dom.js
[2023-11-01 15:40:18] [build-stdout] Done extracting /home/ravindu/codeql/javascript/tools/data/externs/web/webkit_dom.js (22 ms)
[2023-11-01 15:40:18] [build-stdout] Extracting /home/ravindu/codeql/javascript/tools/data/externs/web/w3c_encoding.js
[2023-11-01 15:40:18] [build-stdout] Done extracting /home/ravindu/codeql/javascript/tools/data/externs/web/w3c_encoding.js (4 ms)
[2023-11-01 15:40:18] [build-stdout] Extracting /home/ravindu/codeql/javascript/tools/data/externs/web/window.js
[2023-11-01 15:40:18] [build-stdout] Done extracting /home/ravindu/codeql/javascript/tools/data/externs/web/window.js (8 ms)
[2023-11-01 15:40:18] [build-stdout] Extracting /home/ravindu/codeql/javascript/tools/data/externs/web/gecko_css.js
[2023-11-01 15:40:19] [build-stdout] Done extracting /home/ravindu/codeql/javascript/tools/data/externs/web/gecko_css.js (17 ms)
[2023-11-01 15:40:19] [build-stdout] Extracting /home/ravindu/codeql/javascript/tools/data/externs/web/fetchapi.js
[2023-11-01 15:40:19] [build-stdout] Done extracting /home/ravindu/codeql/javascript/tools/data/externs/web/fetchapi.js (30 ms)
[2023-11-01 15:40:19] [build-stdout] Extracting /home/ravindu/codeql/javascript/tools/data/externs/web/ie_css.js
[2023-11-01 15:40:19] [build-stdout] Done extracting /home/ravindu/codeql/javascript/tools/data/externs/web/ie_css.js (15 ms)
[2023-11-01 15:40:19] [build-stdout] Extracting /home/ravindu/codeql/javascript/tools/data/externs/web/gecko_event.js
[2023-11-01 15:40:19] [build-stdout] Done extracting /home/ravindu/codeql/javascript/tools/data/externs/web/gecko_event.js (8 ms)
[2023-11-01 15:40:19] [build-stdout] Extracting /home/ravindu/codeql/javascript/tools/data/externs/web/w3c_navigation_timing.js
[2023-11-01 15:40:19] [build-stdout] Done extracting /home/ravindu/codeql/javascript/tools/data/externs/web/w3c_navigation_timing.js (20 ms)
[2023-11-01 15:40:19] [build-stdout] Extracting /home/ravindu/codeql/javascript/tools/data/externs/web/streamsapi.js
[2023-11-01 15:40:19] [build-stdout] Done extracting /home/ravindu/codeql/javascript/tools/data/externs/web/streamsapi.js (29 ms)
[2023-11-01 15:40:19] [build-stdout] Extracting /home/ravindu/codeql/javascript/tools/data/externs/web/w3c_webcrypto.js
[2023-11-01 15:40:19] [build-stdout] Done extracting /home/ravindu/codeql/javascript/tools/data/externs/web/w3c_webcrypto.js (23 ms)
[2023-11-01 15:40:19] [build-stdout] Extracting /home/ravindu/codeql/javascript/tools/data/externs/web/w3c_dom1.js
[2023-11-01 15:40:19] [build-stdout] Done extracting /home/ravindu/codeql/javascript/tools/data/externs/web/w3c_dom1.js (61 ms)
[2023-11-01 15:40:19] [build-stdout] Extracting /home/ravindu/codeql/javascript/tools/data/externs/web/fileapi.js
[2023-11-01 15:40:19] [build-stdout] Done extracting /home/ravindu/codeql/javascript/tools/data/externs/web/fileapi.js (61 ms)
[2023-11-01 15:40:19] [build-stdout] Extracting /home/ravindu/codeql/javascript/tools/data/externs/web/w3c_indexeddb.js
[2023-11-01 15:40:19] [build-stdout] Done extracting /home/ravindu/codeql/javascript/tools/data/externs/web/w3c_indexeddb.js (50 ms)
[2023-11-01 15:40:19] [build-stdout] Extracting /home/ravindu/codeql/javascript/tools/data/externs/web/flash.js
[2023-11-01 15:40:19] [build-stdout] Done extracting /home/ravindu/codeql/javascript/tools/data/externs/web/flash.js (15 ms)
[2023-11-01 15:40:19] [build-stdout] Extracting /home/ravindu/codeql/javascript/tools/data/externs/web/webgl.js
[2023-11-01 15:40:19] [build-stdout] Done extracting /home/ravindu/codeql/javascript/tools/data/externs/web/webgl.js (219 ms)
[2023-11-01 15:40:19] [build-stdout] Extracting /home/ravindu/codeql/javascript/tools/data/externs/web/webkit_event.js
[2023-11-01 15:40:19] [build-stdout] Done extracting /home/ravindu/codeql/javascript/tools/data/externs/web/webkit_event.js (2 ms)
[2023-11-01 15:40:19] [build-stdout] Extracting /home/ravindu/codeql/javascript/tools/data/externs/web/iphone.js
[2023-11-01 15:40:19] [build-stdout] Done extracting /home/ravindu/codeql/javascript/tools/data/externs/web/iphone.js (8 ms)
[2023-11-01 15:40:19] [build-stdout] Extracting /home/ravindu/codeql/javascript/tools/data/externs/web/w3c_css3d.js
[2023-11-01 15:40:19] [build-stdout] Done extracting /home/ravindu/codeql/javascript/tools/data/externs/web/w3c_css3d.js (9 ms)
[2023-11-01 15:40:19] [build-stdout] Extracting /home/ravindu/codeql/javascript/tools/data/externs/web/w3c_event3.js
[2023-11-01 15:40:19] [build-stdout] Done extracting /home/ravindu/codeql/javascript/tools/data/externs/web/w3c_event3.js (4 ms)
[2023-11-01 15:40:19] [build-stdout] Extracting /home/ravindu/codeql/javascript/tools/data/externs/web/w3c_device_sensor_event.js
[2023-11-01 15:40:19] [build-stdout] Done extracting /home/ravindu/codeql/javascript/tools/data/externs/web/w3c_device_sensor_event.js (4 ms)
[2023-11-01 15:40:19] [build-stdout] Extracting /home/ravindu/codeql/javascript/tools/data/externs/web/webkit_css.js
[2023-11-01 15:40:19] [build-stdout] Done extracting /home/ravindu/codeql/javascript/tools/data/externs/web/webkit_css.js (68 ms)
[2023-11-01 15:40:19] [build-stdout] Extracting /home/ravindu/codeql/javascript/tools/data/externs/web/w3c_dom2.js
[2023-11-01 15:40:19] [build-stdout] Done extracting /home/ravindu/codeql/javascript/tools/data/externs/web/w3c_dom2.js (106 ms)
[2023-11-01 15:40:19] [build-stdout] Extracting /home/ravindu/codeql/javascript/tools/data/externs/es/proxy.js
[2023-11-01 15:40:19] [build-stdout] Done extracting /home/ravindu/codeql/javascript/tools/data/externs/es/proxy.js (2 ms)
[2023-11-01 15:40:19] [build-stdout] Extracting /home/ravindu/codeql/javascript/tools/data/externs/es/es6.js
[2023-11-01 15:40:19] [build-stdout] Done extracting /home/ravindu/codeql/javascript/tools/data/externs/es/es6.js (76 ms)
[2023-11-01 15:40:19] [build-stdout] Extracting /home/ravindu/codeql/javascript/tools/data/externs/es/es2016.js
[2023-11-01 15:40:19] [build-stdout] Done extracting /home/ravindu/codeql/javascript/tools/data/externs/es/es2016.js (1 ms)
[2023-11-01 15:40:19] [build-stdout] Extracting /home/ravindu/codeql/javascript/tools/data/externs/es/es6_collections.js
[2023-11-01 15:40:19] [build-stdout] Done extracting /home/ravindu/codeql/javascript/tools/data/externs/es/es6_collections.js (10 ms)
[2023-11-01 15:40:19] [build-stdout] Extracting /home/ravindu/codeql/javascript/tools/data/externs/es/intl.js
[2023-11-01 15:40:19] [build-stdout] Done extracting /home/ravindu/codeql/javascript/tools/data/externs/es/intl.js (11 ms)
[2023-11-01 15:40:19] [build-stdout] Extracting /home/ravindu/codeql/javascript/tools/data/externs/es/es3.js
[2023-11-01 15:40:19] [build-stdout] Done extracting /home/ravindu/codeql/javascript/tools/data/externs/es/es3.js (105 ms)
[2023-11-01 15:40:19] [build-stdout] Extracting /home/ravindu/codeql/javascript/tools/data/externs/es/es5.js
[2023-11-01 15:40:19] [build-stdout] Done extracting /home/ravindu/codeql/javascript/tools/data/externs/es/es5.js (12 ms)
[2023-11-01 15:40:19] [build-stdout] Extracting /home/ravindu/codeql/javascript/tools/data/externs/es/es2017.js
[2023-11-01 15:40:19] [build-stdout] Done extracting /home/ravindu/codeql/javascript/tools/data/externs/es/es2017.js (2 ms)
[2023-11-01 15:40:19] [build-stdout] Extracting /home/ravindu/codeql/javascript/tools/data/externs/nodejs/punycode.js
[2023-11-01 15:40:19] [build-stdout] Done extracting /home/ravindu/codeql/javascript/tools/data/externs/nodejs/punycode.js (6 ms)
[2023-11-01 15:40:19] [build-stdout] Extracting /home/ravindu/codeql/javascript/tools/data/externs/nodejs/fs.js
[2023-11-01 15:40:20] [build-stdout] Done extracting /home/ravindu/codeql/javascript/tools/data/externs/nodejs/fs.js (120 ms)
[2023-11-01 15:40:20] [build-stdout] Extracting /home/ravindu/codeql/javascript/tools/data/externs/nodejs/assert_legacy.js
[2023-11-01 15:40:20] [build-stdout] Done extracting /home/ravindu/codeql/javascript/tools/data/externs/nodejs/assert_legacy.js (2 ms)
[2023-11-01 15:40:20] [build-stdout] Extracting /home/ravindu/codeql/javascript/tools/data/externs/nodejs/timers.js
[2023-11-01 15:40:20] [build-stdout] Done extracting /home/ravindu/codeql/javascript/tools/data/externs/nodejs/timers.js (7 ms)
[2023-11-01 15:40:20] [build-stdout] Extracting /home/ravindu/codeql/javascript/tools/data/externs/nodejs/globals.js
[2023-11-01 15:40:20] [build-stdout] Done extracting /home/ravindu/codeql/javascript/tools/data/externs/nodejs/globals.js (117 ms)
[2023-11-01 15:40:20] [build-stdout] Extracting /home/ravindu/codeql/javascript/tools/data/externs/nodejs/path.js
[2023-11-01 15:40:20] [build-stdout] Done extracting /home/ravindu/codeql/javascript/tools/data/externs/nodejs/path.js (21 ms)
[2023-11-01 15:40:20] [build-stdout] Extracting /home/ravindu/codeql/javascript/tools/data/externs/nodejs/url.js
[2023-11-01 15:40:20] [build-stdout] Done extracting /home/ravindu/codeql/javascript/tools/data/externs/nodejs/url.js (6 ms)
[2023-11-01 15:40:20] [build-stdout] Extracting /home/ravindu/codeql/javascript/tools/data/externs/nodejs/domain.js
[2023-11-01 15:40:20] [build-stdout] Done extracting /home/ravindu/codeql/javascript/tools/data/externs/nodejs/domain.js (6 ms)
[2023-11-01 15:40:20] [build-stdout] Extracting /home/ravindu/codeql/javascript/tools/data/externs/nodejs/tty.js
[2023-11-01 15:40:20] [build-stdout] Done extracting /home/ravindu/codeql/javascript/tools/data/externs/nodejs/tty.js (7 ms)
[2023-11-01 15:40:20] [build-stdout] Extracting /home/ravindu/codeql/javascript/tools/data/externs/nodejs/console.js
[2023-11-01 15:40:20] [build-stdout] Done extracting /home/ravindu/codeql/javascript/tools/data/externs/nodejs/console.js (1 ms)
[2023-11-01 15:40:20] [build-stdout] Extracting /home/ravindu/codeql/javascript/tools/data/externs/nodejs/sys.js
[2023-11-01 15:40:20] [build-stdout] Done extracting /home/ravindu/codeql/javascript/tools/data/externs/nodejs/sys.js (2 ms)
[2023-11-01 15:40:20] [build-stdout] Extracting /home/ravindu/codeql/javascript/tools/data/externs/nodejs/crypto.js
[2023-11-01 15:40:20] [build-stdout] Done extracting /home/ravindu/codeql/javascript/tools/data/externs/nodejs/crypto.js (61 ms)
[2023-11-01 15:40:20] [build-stdout] Extracting /home/ravindu/codeql/javascript/tools/data/externs/nodejs/util.js
[2023-11-01 15:40:20] [build-stdout] Done extracting /home/ravindu/codeql/javascript/tools/data/externs/nodejs/util.js (17 ms)
[2023-11-01 15:40:20] [build-stdout] Extracting /home/ravindu/codeql/javascript/tools/data/externs/nodejs/buffer.js
[2023-11-01 15:40:20] [build-stdout] Done extracting /home/ravindu/codeql/javascript/tools/data/externs/nodejs/buffer.js (8 ms)
[2023-11-01 15:40:20] [build-stdout] Extracting /home/ravindu/codeql/javascript/tools/data/externs/nodejs/repl.js
[2023-11-01 15:40:20] [build-stdout] Done extracting /home/ravindu/codeql/javascript/tools/data/externs/nodejs/repl.js (7 ms)
[2023-11-01 15:40:20] [build-stdout] Extracting /home/ravindu/codeql/javascript/tools/data/externs/nodejs/https.js
[2023-11-01 15:40:20] [build-stdout] Done extracting /home/ravindu/codeql/javascript/tools/data/externs/nodejs/https.js (13 ms)
[2023-11-01 15:40:20] [build-stdout] Extracting /home/ravindu/codeql/javascript/tools/data/externs/nodejs/constants.js
[2023-11-01 15:40:20] [build-stdout] Done extracting /home/ravindu/codeql/javascript/tools/data/externs/nodejs/constants.js (101 ms)
[2023-11-01 15:40:20] [build-stdout] Extracting /home/ravindu/codeql/javascript/tools/data/externs/nodejs/http.js
[2023-11-01 15:40:20] [build-stdout] Done extracting /home/ravindu/codeql/javascript/tools/data/externs/nodejs/http.js (39 ms)
[2023-11-01 15:40:20] [build-stdout] Extracting /home/ravindu/codeql/javascript/tools/data/externs/nodejs/dgram.js
[2023-11-01 15:40:20] [build-stdout] Done extracting /home/ravindu/codeql/javascript/tools/data/externs/nodejs/dgram.js (14 ms)
[2023-11-01 15:40:20] [build-stdout] Extracting /home/ravindu/codeql/javascript/tools/data/externs/nodejs/module.js
[2023-11-01 15:40:20] [build-stdout] Done extracting /home/ravindu/codeql/javascript/tools/data/externs/nodejs/module.js (5 ms)
[2023-11-01 15:40:20] [build-stdout] Extracting /home/ravindu/codeql/javascript/tools/data/externs/nodejs/string_decoder.js
[2023-11-01 15:40:20] [build-stdout] Done extracting /home/ravindu/codeql/javascript/tools/data/externs/nodejs/string_decoder.js (4 ms)
[2023-11-01 15:40:20] [build-stdout] Extracting /home/ravindu/codeql/javascript/tools/data/externs/nodejs/child_process.js
[2023-11-01 15:40:20] [build-stdout] Done extracting /home/ravindu/codeql/javascript/tools/data/externs/nodejs/child_process.js (61 ms)
[2023-11-01 15:40:20] [build-stdout] Extracting /home/ravindu/codeql/javascript/tools/data/externs/nodejs/assert.js
[2023-11-01 15:40:20] [build-stdout] Done extracting /home/ravindu/codeql/javascript/tools/data/externs/nodejs/assert.js (12 ms)
[2023-11-01 15:40:20] [build-stdout] Extracting /home/ravindu/codeql/javascript/tools/data/externs/nodejs/cluster.js
[2023-11-01 15:40:20] [build-stdout] Done extracting /home/ravindu/codeql/javascript/tools/data/externs/nodejs/cluster.js (80 ms)
[2023-11-01 15:40:20] [build-stdout] Extracting /home/ravindu/codeql/javascript/tools/data/externs/nodejs/dns.js
[2023-11-01 15:40:20] [build-stdout] Done extracting /home/ravindu/codeql/javascript/tools/data/externs/nodejs/dns.js (22 ms)
[2023-11-01 15:40:20] [build-stdout] Extracting /home/ravindu/codeql/javascript/tools/data/externs/nodejs/v8.js
[2023-11-01 15:40:20] [build-stdout] Done extracting /home/ravindu/codeql/javascript/tools/data/externs/nodejs/v8.js (5 ms)
[2023-11-01 15:40:20] [build-stdout] Extracting /home/ravindu/codeql/javascript/tools/data/externs/nodejs/events.js
[2023-11-01 15:40:20] [build-stdout] Done extracting /home/ravindu/codeql/javascript/tools/data/externs/nodejs/events.js (10 ms)
[2023-11-01 15:40:20] [build-stdout] Extracting /home/ravindu/codeql/javascript/tools/data/externs/nodejs/tls.js
[2023-11-01 15:40:20] [build-stdout] Done extracting /home/ravindu/codeql/javascript/tools/data/externs/nodejs/tls.js (41 ms)
[2023-11-01 15:40:20] [build-stdout] Extracting /home/ravindu/codeql/javascript/tools/data/externs/nodejs/os.js
[2023-11-01 15:40:20] [build-stdout] Done extracting /home/ravindu/codeql/javascript/tools/data/externs/nodejs/os.js (19 ms)
[2023-11-01 15:40:20] [build-stdout] Extracting /home/ravindu/codeql/javascript/tools/data/externs/nodejs/process.js
[2023-11-01 15:40:20] [build-stdout] Done extracting /home/ravindu/codeql/javascript/tools/data/externs/nodejs/process.js (1 ms)
[2023-11-01 15:40:20] [build-stdout] Extracting /home/ravindu/codeql/javascript/tools/data/externs/nodejs/vm.js
[2023-11-01 15:40:20] [build-stdout] Done extracting /home/ravindu/codeql/javascript/tools/data/externs/nodejs/vm.js (13 ms)
[2023-11-01 15:40:20] [build-stdout] Extracting /home/ravindu/codeql/javascript/tools/data/externs/nodejs/querystring.js
[2023-11-01 15:40:20] [build-stdout] Done extracting /home/ravindu/codeql/javascript/tools/data/externs/nodejs/querystring.js (8 ms)
[2023-11-01 15:40:20] [build-stdout] Extracting /home/ravindu/codeql/javascript/tools/data/externs/nodejs/zlib.js
[2023-11-01 15:40:20] [build-stdout] Done extracting /home/ravindu/codeql/javascript/tools/data/externs/nodejs/zlib.js (34 ms)
[2023-11-01 15:40:20] [build-stdout] Extracting /home/ravindu/codeql/javascript/tools/data/externs/nodejs/readline.js
[2023-11-01 15:40:20] [build-stdout] Done extracting /home/ravindu/codeql/javascript/tools/data/externs/nodejs/readline.js (16 ms)
[2023-11-01 15:40:20] [build-stdout] Extracting /home/ravindu/codeql/javascript/tools/data/externs/nodejs/net.js
[2023-11-01 15:40:20] [build-stdout] Done extracting /home/ravindu/codeql/javascript/tools/data/externs/nodejs/net.js (35 ms)
[2023-11-01 15:40:20] [build-stdout] Extracting /home/ravindu/codeql/javascript/tools/data/externs/nodejs/stream.js
[2023-11-01 15:40:20] [build-stdout] Done extracting /home/ravindu/codeql/javascript/tools/data/externs/nodejs/stream.js (64 ms)
[2023-11-01 15:40:21] Plumbing command codeql database trace-command completed.
[2023-11-01 15:40:21] [PROGRESS] database create> Finalizing database at /home/ravindu/tests/codeql/JS_QL_DB.
[2023-11-01 15:40:21] Running plumbing command: codeql database finalize --mode=trim --no-db-cluster -- /home/ravindu/tests/codeql/JS_QL_DB
[2023-11-01 15:40:21] [PROGRESS] database finalize> Running TRAP import for CodeQL database at /home/ravindu/tests/codeql/JS_QL_DB...
[2023-11-01 15:40:21] Running plumbing command: codeql dataset import --dbscheme=/home/ravindu/codeql/javascript/semmlecode.javascript.dbscheme -- /home/ravindu/tests/codeql/JS_QL_DB/db-javascript /home/ravindu/tests/codeql/JS_QL_DB/trap/javascript
[2023-11-01 15:40:21] Clearing disk cache since the version file /home/ravindu/tests/codeql/JS_QL_DB/db-javascript/default/cache/version does not exist
[2023-11-01 15:40:21] Tuple pool not found. Clearing relations with cached strings
[2023-11-01 15:40:21] Trimming disk cache at /home/ravindu/tests/codeql/JS_QL_DB/db-javascript/default/cache in mode clear.
[2023-11-01 15:40:21] Sequence stamp origin is -6257258735015156471
[2023-11-01 15:40:21] Pausing evaluation to hard-clear memory at sequence stamp o+0
[2023-11-01 15:40:21] Unpausing evaluation
[2023-11-01 15:40:21] Pausing evaluation to quickly trim disk at sequence stamp o+1
[2023-11-01 15:40:21] Unpausing evaluation
[2023-11-01 15:40:21] Pausing evaluation to zealously trim disk at sequence stamp o+2
[2023-11-01 15:40:21] Unpausing evaluation
[2023-11-01 15:40:21] Trimming completed (12ms): Purged everything.
[2023-11-01 15:40:21] Scanning for files in /home/ravindu/tests/codeql/JS_QL_DB/trap/javascript
[2023-11-01 15:40:21] Importing es2016.js.trap.gz (1 of 112)
[2023-11-01 15:40:21] Importing es2017.js.trap.gz (2 of 112)
[2023-11-01 15:40:21] Importing es3.js.trap.gz (3 of 112)
[2023-11-01 15:40:21] Importing es5.js.trap.gz (4 of 112)
[2023-11-01 15:40:21] Importing es6.js.trap.gz (5 of 112)
[2023-11-01 15:40:21] Importing es6_collections.js.trap.gz (6 of 112)
[2023-11-01 15:40:21] Importing intl.js.trap.gz (7 of 112)
[2023-11-01 15:40:21] Importing proxy.js.trap.gz (8 of 112)
[2023-11-01 15:40:21] Importing bdd.js.trap.gz (9 of 112)
[2023-11-01 15:40:21] Importing jquery-3.2.js.trap.gz (10 of 112)
[2023-11-01 15:40:22] Importing should.js.trap.gz (11 of 112)
[2023-11-01 15:40:22] Importing vows.js.trap.gz (12 of 112)
[2023-11-01 15:40:22] Importing assert.js.trap.gz (13 of 112)
[2023-11-01 15:40:22] Importing assert_legacy.js.trap.gz (14 of 112)
[2023-11-01 15:40:22] Importing buffer.js.trap.gz (15 of 112)
[2023-11-01 15:40:22] Importing child_process.js.trap.gz (16 of 112)
[2023-11-01 15:40:22] Importing cluster.js.trap.gz (17 of 112)
[2023-11-01 15:40:22] Importing console.js.trap.gz (18 of 112)
[2023-11-01 15:40:22] Importing constants.js.trap.gz (19 of 112)
[2023-11-01 15:40:22] Importing crypto.js.trap.gz (20 of 112)
[2023-11-01 15:40:22] Importing dgram.js.trap.gz (21 of 112)
[2023-11-01 15:40:22] Importing dns.js.trap.gz (22 of 112)
[2023-11-01 15:40:22] Importing domain.js.trap.gz (23 of 112)
[2023-11-01 15:40:22] Importing events.js.trap.gz (24 of 112)
[2023-11-01 15:40:22] Importing fs.js.trap.gz (25 of 112)
[2023-11-01 15:40:22] Importing globals.js.trap.gz (26 of 112)
[2023-11-01 15:40:22] Importing http.js.trap.gz (27 of 112)
[2023-11-01 15:40:22] Importing https.js.trap.gz (28 of 112)
[2023-11-01 15:40:22] Importing module.js.trap.gz (29 of 112)
[2023-11-01 15:40:22] Importing net.js.trap.gz (30 of 112)
[2023-11-01 15:40:22] Importing os.js.trap.gz (31 of 112)
[2023-11-01 15:40:22] Importing path.js.trap.gz (32 of 112)
[2023-11-01 15:40:22] Importing process.js.trap.gz (33 of 112)
[2023-11-01 15:40:22] Importing punycode.js.trap.gz (34 of 112)
[2023-11-01 15:40:22] Importing querystring.js.trap.gz (35 of 112)
[2023-11-01 15:40:22] Importing readline.js.trap.gz (36 of 112)
[2023-11-01 15:40:22] Importing repl.js.trap.gz (37 of 112)
[2023-11-01 15:40:22] Importing stream.js.trap.gz (38 of 112)
[2023-11-01 15:40:22] Importing string_decoder.js.trap.gz (39 of 112)
[2023-11-01 15:40:22] Importing sys.js.trap.gz (40 of 112)
[2023-11-01 15:40:22] Importing timers.js.trap.gz (41 of 112)
[2023-11-01 15:40:22] Importing tls.js.trap.gz (42 of 112)
[2023-11-01 15:40:22] Importing tty.js.trap.gz (43 of 112)
[2023-11-01 15:40:22] Importing url.js.trap.gz (44 of 112)
[2023-11-01 15:40:22] Importing util.js.trap.gz (45 of 112)
[2023-11-01 15:40:22] Importing v8.js.trap.gz (46 of 112)
[2023-11-01 15:40:22] Importing vm.js.trap.gz (47 of 112)
[2023-11-01 15:40:22] Importing zlib.js.trap.gz (48 of 112)
[2023-11-01 15:40:22] Importing jsshell.js.trap.gz (49 of 112)
[2023-11-01 15:40:22] Importing rhino.js.trap.gz (50 of 112)
[2023-11-01 15:40:22] Importing spidermonkey.js.trap.gz (51 of 112)
[2023-11-01 15:40:22] Importing v8.js.trap.gz (52 of 112)
[2023-11-01 15:40:22] Importing chrome.js.trap.gz (53 of 112)
[2023-11-01 15:40:22] Importing fetchapi.js.trap.gz (54 of 112)
[2023-11-01 15:40:22] Importing fileapi.js.trap.gz (55 of 112)
[2023-11-01 15:40:22] Importing flash.js.trap.gz (56 of 112)
[2023-11-01 15:40:22] Importing gecko_css.js.trap.gz (57 of 112)
[2023-11-01 15:40:22] Importing gecko_dom.js.trap.gz (58 of 112)
[2023-11-01 15:40:22] Importing gecko_event.js.trap.gz (59 of 112)
[2023-11-01 15:40:22] Importing gecko_ext.js.trap.gz (60 of 112)
[2023-11-01 15:40:22] Importing gecko_xml.js.trap.gz (61 of 112)
[2023-11-01 15:40:22] Importing html5.js.trap.gz (62 of 112)
[2023-11-01 15:40:22] Importing ie_css.js.trap.gz (63 of 112)
[2023-11-01 15:40:22] Importing ie_dom.js.trap.gz (64 of 112)
[2023-11-01 15:40:23] Importing ie_event.js.trap.gz (65 of 112)
[2023-11-01 15:40:23] Importing ie_vml.js.trap.gz (66 of 112)
[2023-11-01 15:40:23] Importing intl.js.trap.gz (67 of 112)
[2023-11-01 15:40:23] Importing iphone.js.trap.gz (68 of 112)
[2023-11-01 15:40:23] Importing mediasource.js.trap.gz (69 of 112)
[2023-11-01 15:40:23] Importing page_visibility.js.trap.gz (70 of 112)
[2023-11-01 15:40:23] Importing streamsapi.js.trap.gz (71 of 112)
[2023-11-01 15:40:23] Importing url.js.trap.gz (72 of 112)
[2023-11-01 15:40:23] Importing w3c_anim_timing.js.trap.gz (73 of 112)
[2023-11-01 15:40:23] Importing w3c_batterystatus.js.trap.gz (74 of 112)
[2023-11-01 15:40:23] Importing w3c_css.js.trap.gz (75 of 112)
[2023-11-01 15:40:23] Importing w3c_css3d.js.trap.gz (76 of 112)
[2023-11-01 15:40:23] Importing w3c_device_sensor_event.js.trap.gz (77 of 112)
[2023-11-01 15:40:23] Importing w3c_dom1.js.trap.gz (78 of 112)
[2023-11-01 15:40:23] Importing w3c_dom2.js.trap.gz (79 of 112)
[2023-11-01 15:40:23] Importing w3c_dom3.js.trap.gz (80 of 112)
[2023-11-01 15:40:23] Importing w3c_dom4.js.trap.gz (81 of 112)
[2023-11-01 15:40:23] Importing w3c_elementtraversal.js.trap.gz (82 of 112)
[2023-11-01 15:40:23] Importing w3c_encoding.js.trap.gz (83 of 112)
[2023-11-01 15:40:23] Importing w3c_event.js.trap.gz (84 of 112)
[2023-11-01 15:40:23] Importing w3c_event3.js.trap.gz (85 of 112)
[2023-11-01 15:40:23] Importing w3c_gamepad.js.trap.gz (86 of 112)
[2023-11-01 15:40:23] Importing w3c_geolocation.js.trap.gz (87 of 112)
[2023-11-01 15:40:23] Importing w3c_indexeddb.js.trap.gz (88 of 112)
[2023-11-01 15:40:23] Importing w3c_midi.js.trap.gz (89 of 112)
[2023-11-01 15:40:23] Importing w3c_navigation_timing.js.trap.gz (90 of 112)
[2023-11-01 15:40:23] Importing w3c_permissions.js.trap.gz (91 of 112)
[2023-11-01 15:40:23] Importing w3c_pointer_events.js.trap.gz (92 of 112)
[2023-11-01 15:40:23] Importing w3c_range.js.trap.gz (93 of 112)
[2023-11-01 15:40:23] Importing w3c_requestidlecallback.js.trap.gz (94 of 112)
[2023-11-01 15:40:23] Importing w3c_rtc.js.trap.gz (95 of 112)
[2023-11-01 15:40:23] Importing w3c_screen_orientation.js.trap.gz (96 of 112)
[2023-11-01 15:40:23] Importing w3c_selectors.js.trap.gz (97 of 112)
[2023-11-01 15:40:23] Importing w3c_serviceworker.js.trap.gz (98 of 112)
[2023-11-01 15:40:23] Importing w3c_touch_event.js.trap.gz (99 of 112)
[2023-11-01 15:40:23] Importing w3c_webcrypto.js.trap.gz (100 of 112)
[2023-11-01 15:40:23] Importing w3c_xml.js.trap.gz (101 of 112)
[2023-11-01 15:40:23] Importing webgl.js.trap.gz (102 of 112)
[2023-11-01 15:40:23] Importing webkit_css.js.trap.gz (103 of 112)
[2023-11-01 15:40:23] Importing webkit_dom.js.trap.gz (104 of 112)
[2023-11-01 15:40:23] Importing webkit_event.js.trap.gz (105 of 112)
[2023-11-01 15:40:23] Importing webkit_notifications.js.trap.gz (106 of 112)
[2023-11-01 15:40:23] Importing webkit_usercontent.js.trap.gz (107 of 112)
[2023-11-01 15:40:23] Importing webstorage.js.trap.gz (108 of 112)
[2023-11-01 15:40:23] Importing whatwg_encoding.js.trap.gz (109 of 112)
[2023-11-01 15:40:23] Importing window.js.trap.gz (110 of 112)
[2023-11-01 15:40:23] Importing nutshell.js.trap.gz (111 of 112)
[2023-11-01 15:40:24] Importing sourceLocationPrefix.trap.gz (112 of 112)
[2023-11-01 15:40:24] Merging 1 fragment for files.
[2023-11-01 15:40:24] Merging 1 fragment for folders.
[2023-11-01 15:40:24] Merging 1 fragment for containerparent.
[2023-11-01 15:40:24] Merging 3 fragments for locations_default.
[2023-11-01 15:40:24] Merging 3 fragments for hasLocation.
[2023-11-01 15:40:24] Merging 1 fragment for extraction_data.
[2023-11-01 15:40:24] Merging 1 fragment for scopes.
[2023-11-01 15:40:24] Merging 1 fragment for comments.
[2023-11-01 15:40:24] Merging 1 fragment for indentation.
[2023-11-01 15:40:24] Merging 1 fragment for numlines.
[2023-11-01 15:40:24] Merging 2 fragments for tokeninfo.
[2023-11-01 15:40:24] Merging 1 fragment for next_token.
[2023-11-01 15:40:24] Merging 1 fragment for jsdoc.
[2023-11-01 15:40:24] Merging 1 fragment for jsdoc_tags.
[2023-11-01 15:40:24] Merging 1 fragment for jsdoc_tag_descriptions.
[2023-11-01 15:40:24] Merging 1 fragment for jsdoc_tag_names.
[2023-11-01 15:40:24] Merging 1 fragment for jsdoc_type_exprs.
[2023-11-01 15:40:24] Merging 1 fragment for toplevels.
[2023-11-01 15:40:24] Merging 1 fragment for stmts.
[2023-11-01 15:40:24] Merging 1 fragment for stmt_containers.
[2023-11-01 15:40:24] Merging 1 fragment for exprs.
[2023-11-01 15:40:24] Merging 1 fragment for enclosing_stmt.
[2023-11-01 15:40:24] Merging 1 fragment for expr_containers.
[2023-11-01 15:40:24] Merging 1 fragment for literals.
[2023-11-01 15:40:24] Merging 1 fragment for variables.
[2023-11-01 15:40:24] Merging 1 fragment for bind.
[2023-11-01 15:40:24] Merging 1 fragment for scopenodes.
[2023-11-01 15:40:24] Merging 1 fragment for scopenesting.
[2023-11-01 15:40:24] Merging 1 fragment for decl.
[2023-11-01 15:40:24] Merging 1 fragment for is_arguments_object.
[2023-11-01 15:40:24] Merging 1 fragment for entry_cfg_node.
[2023-11-01 15:40:24] Merging 1 fragment for exit_cfg_node.
[2023-11-01 15:40:24] Merging 2 fragments for successor.
[2023-11-01 15:40:24] Merging 1 fragment for is_externs.
[2023-11-01 15:40:24] Merging 1 fragment for filetype.
[2023-11-01 15:40:24] Merging 1 fragment for extraction_time.
[2023-11-01 15:40:24] Merging 1 fragment for jsdoc_prefix_qualifier.
[2023-11-01 15:40:24] Merging 1 fragment for jsdoc_errors.
[2023-11-01 15:40:24] Merging 1 fragment for jsdoc_record_field_name.
[2023-11-01 15:40:24] Merging 1 fragment for jsdoc_has_new_parameter.
[2023-11-01 15:40:24] Merging 1 fragment for properties.
[2023-11-01 15:40:24] Merging 1 fragment for regexpterm.
[2023-11-01 15:40:24] Merging 1 fragment for regexp_const_value.
[2023-11-01 15:40:24] Merging 1 fragment for guard_node.
[2023-11-01 15:40:24] Merging 1 fragment for is_module.
[2023-11-01 15:40:24] Merging 1 fragment for is_nodejs.
[2023-11-01 15:40:24] Merging 1 fragment for array_size.
[2023-11-01 15:40:24] Merging 1 fragment for char_class_escape.
[2023-11-01 15:40:24] Merging 1 fragment for jump_targets.
[2023-11-01 15:40:24] Merging 1 fragment for is_inverted.
[2023-11-01 15:40:24] Merging 1 fragment for is_greedy.
[2023-11-01 15:40:24] Merging 1 fragment for is_capture.
[2023-11-01 15:40:24] Merging 1 fragment for range_quantifier_lower_bound.
[2023-11-01 15:40:24] Merging 1 fragment for range_quantifier_upper_bound.
[2023-11-01 15:40:24] Merging 1 fragment for backref.
[2023-11-01 15:40:24] Merging 1 fragment for sourceLocationPrefix.
[2023-11-01 15:40:24] Saving string and id pools to disk.
[2023-11-01 15:40:24] Finished importing trap files.
[2023-11-01 15:40:24] Pausing evaluation to close the cache at sequence stamp o+3
[2023-11-01 15:40:24] The disk cache is freshly trimmed; leave it be.
[2023-11-01 15:40:24] Unpausing evaluation
[2023-11-01 15:40:24] Plumbing command codeql dataset import completed.
[2023-11-01 15:40:24] [PROGRESS] database finalize> TRAP import complete (3.9s).
[2023-11-01 15:40:24] Running plumbing command: codeql database cleanup --mode=trim -- /home/ravindu/tests/codeql/JS_QL_DB
[2023-11-01 15:40:25] [PROGRESS] database cleanup> Cleaning up existing TRAP files after import...
[2023-11-01 15:40:25] [PROGRESS] database cleanup> TRAP files cleaned up (7ms).
[2023-11-01 15:40:25] [PROGRESS] database cleanup> Cleaning up scratch directory...
[2023-11-01 15:40:25] [PROGRESS] database cleanup> Scratch directory cleaned up (0ms).
[2023-11-01 15:40:25] Running plumbing command: codeql dataset cleanup --mode=trim -- /home/ravindu/tests/codeql/JS_QL_DB/db-javascript
[2023-11-01 15:40:25] [PROGRESS] dataset cleanup> Cleaning up dataset in /home/ravindu/tests/codeql/JS_QL_DB/db-javascript.
[2023-11-01 15:40:25] Trimming disk cache at /home/ravindu/tests/codeql/JS_QL_DB/db-javascript/default/cache in mode trim.
[2023-11-01 15:40:25] Sequence stamp origin is -6257258718456268893
[2023-11-01 15:40:25] Pausing evaluation to zealously trim disk at sequence stamp o+0
[2023-11-01 15:40:25] Unpausing evaluation
[2023-11-01 15:40:25] Trimming completed (1ms): Trimmed disposable data from cache.
[2023-11-01 15:40:25] Pausing evaluation to close the cache at sequence stamp o+1
[2023-11-01 15:40:25] The disk cache is freshly trimmed; leave it be.
[2023-11-01 15:40:25] Unpausing evaluation
[2023-11-01 15:40:25] [PROGRESS] dataset cleanup> Trimmed disposable data from cache.
[2023-11-01 15:40:25] [PROGRESS] dataset cleanup> Finalizing dataset in /home/ravindu/tests/codeql/JS_QL_DB/db-javascript
[2023-11-01 15:40:25] [DETAILS] dataset cleanup> Finished deleting ID pool from /home/ravindu/tests/codeql/JS_QL_DB/db-javascript (4ms).
[2023-11-01 15:40:25] Plumbing command codeql dataset cleanup completed.
[2023-11-01 15:40:25] Plumbing command codeql database cleanup completed with status 0.
[2023-11-01 15:40:25] Plumbing command codeql database finalize completed.
[2023-11-01 15:40:25] [PROGRESS] database create> Successfully created database at /home/ravindu/tests/codeql/JS_QL_DB.
[2023-11-01 15:40:25] Terminating normally.
